<?xml version="1.0" encoding="UTF-8"?>
<testng-results skipped="0" failed="0" total="1" passed="1">
  <reporter-output>
  </reporter-output>
  <suite name="Default suite" duration-ms="20971" started-at="2019-09-06T09:48:57Z" finished-at="2019-09-06T09:49:18Z">
    <groups>
    </groups>
    <test name="Default test" duration-ms="20971" started-at="2019-09-06T09:48:57Z" finished-at="2019-09-06T09:49:18Z">
      <class name="com.training.sanity.tests.LoginTests">
        <test-method status="PASS" signature="setUpBeforeClass()[pri:0, instance:com.training.sanity.tests.LoginTests@ea4a92b]" name="setUpBeforeClass" is-config="true" duration-ms="15" started-at="2019-09-06T15:18:57Z" finished-at="2019-09-06T15:18:57Z">
          <reporter-output>
          </reporter-output>
        </test-method> <!-- setUpBeforeClass -->
        <test-method status="PASS" signature="setUp()[pri:0, instance:com.training.sanity.tests.LoginTests@ea4a92b]" name="setUp" is-config="true" duration-ms="12869" started-at="2019-09-06T15:18:57Z" finished-at="2019-09-06T15:19:10Z">
          <reporter-output>
          </reporter-output>
        </test-method> <!-- setUp -->
        <test-method status="PASS" signature="validLoginTest()[pri:0, instance:com.training.sanity.tests.LoginTests@ea4a92b]" name="validLoginTest" duration-ms="6107" started-at="2019-09-06T15:19:10Z" finished-at="2019-09-06T15:19:16Z">
          <reporter-output>
          </reporter-output>
        </test-method> <!-- validLoginTest -->
        <test-method status="PASS" signature="tearDown()[pri:0, instance:com.training.sanity.tests.LoginTests@ea4a92b]" name="tearDown" is-config="true" duration-ms="1960" started-at="2019-09-06T15:19:16Z" finished-at="2019-09-06T15:19:18Z">
          <reporter-output>
          </reporter-output>
        </test-method> <!-- tearDown -->
      </class> <!-- com.training.sanity.tests.LoginTests -->
    </test> <!-- Default test -->
  </suite> <!-- Default suite -->
</testng-results>
